<?xml version="1.0" encoding="UTF-8"?>
<testng-results skipped="0" failed="0" total="1" passed="1">
  <reporter-output>
  </reporter-output>
  <suite name="Default suite" duration-ms="10766" started-at="2022-07-23T03:29:18Z" finished-at="2022-07-23T03:29:29Z">
    <groups>
    </groups>
    <test name="Default test" duration-ms="10766" started-at="2022-07-23T03:29:18Z" finished-at="2022-07-23T03:29:29Z">
      <class name="com.ng.ActionclassTest">
        <test-method status="PASS" signature="Action1()[pri:0, instance:com.ng.ActionclassTest@73846619]" name="Action1" duration-ms="10749" started-at="2022-07-22T23:29:18Z" finished-at="2022-07-22T23:29:29Z">
          <reporter-output>
          </reporter-output>
        </test-method> <!-- Action1 -->
      </class> <!-- com.ng.ActionclassTest -->
    </test> <!-- Default test -->
  </suite> <!-- Default suite -->
</testng-results>
